Analysis & Synthesis report for top_level
Sun Feb 19 21:27:48 2023
Quartus Prime Version 21.1.0 Build 842 10/21/2021 SJ Lite Edition


---------------------
; Table of Contents ;
---------------------
  1. Legal Notice
  2. Analysis & Synthesis Summary
  3. Analysis & Synthesis Settings
  4. Parallel Compilation
  5. Analysis & Synthesis Messages



----------------
; Legal Notice ;
----------------
Copyright (C) 2021  Intel Corporation. All rights reserved.
Your use of Intel Corporation's design tools, logic functions 
and other software and tools, and any partner logic 
functions, and any output files from any of the foregoing 
(including device programming or simulation files), and any 
associated documentation or information are expressly subject 
to the terms and conditions of the Intel Program License 
Subscription Agreement, the Intel Quartus Prime License Agreement,
the Intel FPGA IP License Agreement, or other applicable license
agreement, including, without limitation, that your use is for
the sole purpose of programming logic devices manufactured by
Intel and sold by Intel or its authorized distributors.  Please
refer to the applicable agreement for further details, at
https://fpgasoftware.intel.com/eula.



+---------------------------------------------------------------------------------+
; Analysis & Synthesis Summary                                                    ;
+-----------------------------------+---------------------------------------------+
; Analysis & Synthesis Status       ; Failed - Sun Feb 19 21:27:48 2023           ;
; Quartus Prime Version             ; 21.1.0 Build 842 10/21/2021 SJ Lite Edition ;
; Revision Name                     ; top_level                                   ;
; Top-level Entity Name             ; top_level                                   ;
; Family                            ; Arria II GX                                 ;
; Logic utilization                 ; N/A until Partition Merge                   ;
;     Combinational ALUTs           ; N/A until Partition Merge                   ;
;     Memory ALUTs                  ; N/A until Partition Merge                   ;
;     Dedicated logic registers     ; N/A until Partition Merge                   ;
; Total registers                   ; N/A until Partition Merge                   ;
; Total pins                        ; N/A until Partition Merge                   ;
; Total virtual pins                ; N/A until Partition Merge                   ;
; Total block memory bits           ; N/A until Partition Merge                   ;
; DSP block 18-bit elements         ; N/A until Partition Merge                   ;
; Total GXB Receiver Channel PCS    ; N/A until Partition Merge                   ;
; Total GXB Receiver Channel PMA    ; N/A until Partition Merge                   ;
; Total GXB Transmitter Channel PCS ; N/A until Partition Merge                   ;
; Total GXB Transmitter Channel PMA ; N/A until Partition Merge                   ;
; Total PLLs                        ; N/A until Partition Merge                   ;
; Total DLLs                        ; N/A until Partition Merge                   ;
+-----------------------------------+---------------------------------------------+


+---------------------------------------------------------------------------------------------------------------------------+
; Analysis & Synthesis Settings                                                                                             ;
+---------------------------------------------------------------------------------+--------------------+--------------------+
; Option                                                                          ; Setting            ; Default Value      ;
+---------------------------------------------------------------------------------+--------------------+--------------------+
; Top-level entity name                                                           ; top_level          ; top_level          ;
; Family name                                                                     ; Arria II GX        ; Cyclone V          ;
; Use smart compilation                                                           ; Off                ; Off                ;
; Enable parallel Assembler and Timing Analyzer during compilation                ; On                 ; On                 ;
; Enable compact report table                                                     ; Off                ; Off                ;
; Restructure Multiplexers                                                        ; Auto               ; Auto               ;
; MLAB Add Timing Constraints For Mixed-Port Feed-Through Mode Setting Don't Care ; Off                ; Off                ;
; Create Debugging Nodes for IP Cores                                             ; Off                ; Off                ;
; Preserve fewer node names                                                       ; On                 ; On                 ;
; Intel FPGA IP Evaluation Mode                                                   ; Enable             ; Enable             ;
; Verilog Version                                                                 ; Verilog_2001       ; Verilog_2001       ;
; VHDL Version                                                                    ; VHDL_1993          ; VHDL_1993          ;
; State Machine Processing                                                        ; Auto               ; Auto               ;
; Safe State Machine                                                              ; Off                ; Off                ;
; Extract Verilog State Machines                                                  ; On                 ; On                 ;
; Extract VHDL State Machines                                                     ; On                 ; On                 ;
; Ignore Verilog initial constructs                                               ; Off                ; Off                ;
; Iteration limit for constant Verilog loops                                      ; 5000               ; 5000               ;
; Iteration limit for non-constant Verilog loops                                  ; 250                ; 250                ;
; Add Pass-Through Logic to Inferred RAMs                                         ; On                 ; On                 ;
; Infer RAMs from Raw Logic                                                       ; On                 ; On                 ;
; Parallel Synthesis                                                              ; On                 ; On                 ;
; DSP Block Balancing                                                             ; Auto               ; Auto               ;
; NOT Gate Push-Back                                                              ; On                 ; On                 ;
; Power-Up Don't Care                                                             ; On                 ; On                 ;
; Remove Redundant Logic Cells                                                    ; Off                ; Off                ;
; Remove Duplicate Registers                                                      ; On                 ; On                 ;
; Ignore CARRY Buffers                                                            ; Off                ; Off                ;
; Ignore CASCADE Buffers                                                          ; Off                ; Off                ;
; Ignore GLOBAL Buffers                                                           ; Off                ; Off                ;
; Ignore ROW GLOBAL Buffers                                                       ; Off                ; Off                ;
; Ignore LCELL Buffers                                                            ; Off                ; Off                ;
; Ignore SOFT Buffers                                                             ; On                 ; On                 ;
; Limit AHDL Integers to 32 Bits                                                  ; Off                ; Off                ;
; Optimization Technique                                                          ; Balanced           ; Balanced           ;
; Carry Chain Length                                                              ; 70                 ; 70                 ;
; Auto Carry Chains                                                               ; On                 ; On                 ;
; Auto Open-Drain Pins                                                            ; On                 ; On                 ;
; Perform WYSIWYG Primitive Resynthesis                                           ; Off                ; Off                ;
; Auto ROM Replacement                                                            ; On                 ; On                 ;
; Auto RAM Replacement                                                            ; On                 ; On                 ;
; Auto DSP Block Replacement                                                      ; On                 ; On                 ;
; Auto Shift Register Replacement                                                 ; Auto               ; Auto               ;
; Allow Shift Register Merging across Hierarchies                                 ; Auto               ; Auto               ;
; Auto Clock Enable Replacement                                                   ; On                 ; On                 ;
; Strict RAM Replacement                                                          ; Off                ; Off                ;
; Allow Synchronous Control Signals                                               ; On                 ; On                 ;
; Force Use of Synchronous Clear Signals                                          ; Off                ; Off                ;
; Auto RAM Block Balancing                                                        ; On                 ; On                 ;
; Auto RAM to Logic Cell Conversion                                               ; Off                ; Off                ;
; Auto Resource Sharing                                                           ; Off                ; Off                ;
; Allow Any RAM Size For Recognition                                              ; Off                ; Off                ;
; Allow Any ROM Size For Recognition                                              ; Off                ; Off                ;
; Allow Any Shift Register Size For Recognition                                   ; Off                ; Off                ;
; Use LogicLock Constraints during Resource Balancing                             ; On                 ; On                 ;
; Ignore translate_off and synthesis_off directives                               ; Off                ; Off                ;
; Timing-Driven Synthesis                                                         ; On                 ; On                 ;
; Report Parameter Settings                                                       ; On                 ; On                 ;
; Report Source Assignments                                                       ; On                 ; On                 ;
; Report Connectivity Checks                                                      ; On                 ; On                 ;
; Ignore Maximum Fan-Out Assignments                                              ; Off                ; Off                ;
; Synchronization Register Chain Length                                           ; 3                  ; 3                  ;
; Power Optimization During Synthesis                                             ; Normal compilation ; Normal compilation ;
; HDL message level                                                               ; Level2             ; Level2             ;
; Suppress Register Optimization Related Messages                                 ; Off                ; Off                ;
; Number of Removed Registers Reported in Synthesis Report                        ; 5000               ; 5000               ;
; Number of Swept Nodes Reported in Synthesis Report                              ; 5000               ; 5000               ;
; Number of Inverted Registers Reported in Synthesis Report                       ; 100                ; 100                ;
; Clock MUX Protection                                                            ; On                 ; On                 ;
; Auto Gated Clock Conversion                                                     ; Off                ; Off                ;
; Block Design Naming                                                             ; Auto               ; Auto               ;
; SDC constraint protection                                                       ; Off                ; Off                ;
; Synthesis Effort                                                                ; Auto               ; Auto               ;
; Shift Register Replacement - Allow Asynchronous Clear Signal                    ; On                 ; On                 ;
; Pre-Mapping Resynthesis Optimization                                            ; Off                ; Off                ;
; Analysis & Synthesis Message Level                                              ; Medium             ; Medium             ;
; Disable Register Merging Across Hierarchies                                     ; Auto               ; Auto               ;
; Resource Aware Inference For Block RAM                                          ; On                 ; On                 ;
+---------------------------------------------------------------------------------+--------------------+--------------------+


+------------------------------------------+
; Parallel Compilation                     ;
+----------------------------+-------------+
; Processors                 ; Number      ;
+----------------------------+-------------+
; Number detected on machine ; 12          ;
; Maximum allowed            ; 6           ;
;                            ;             ;
; Average used               ; 1.00        ;
; Maximum used               ; 1           ;
;                            ;             ;
; Usage by Processor         ; % Time Used ;
;     Processor 1            ; 100.0%      ;
+----------------------------+-------------+


+-------------------------------+
; Analysis & Synthesis Messages ;
+-------------------------------+
Info: *******************************************************************
Info: Running Quartus Prime Analysis & Synthesis
    Info: Version 21.1.0 Build 842 10/21/2021 SJ Lite Edition
    Info: Processing started: Sun Feb 19 21:27:42 2023
Info: Command: quartus_map --read_settings_files=on --write_settings_files=off top_level -c top_level
Warning (18236): Number of processors has not been specified which may cause overloading on shared machines.  Set the global assignment NUM_PARALLEL_PROCESSORS in your QSF to an appropriate value for best performance.
Info (20030): Parallel compilation is enabled and will use 6 of the 6 processors detected
Info (12021): Found 1 design units, including 1 entities, in source file top_level.sv
    Info (12023): Found entity 1: top_level File: C:/Users/Rick Truong/OneDrive/Desktop/Quartus Projects/CSE 141L Project - ARA/top_level.sv Line: 2
Info (12021): Found 1 design units, including 1 entities, in source file reg_file.sv
    Info (12023): Found entity 1: reg_file File: C:/Users/Rick Truong/OneDrive/Desktop/Quartus Projects/CSE 141L Project - ARA/reg_file.sv Line: 3
Info (12021): Found 0 design units, including 0 entities, in source file prog3.sv
Info (12021): Found 1 design units, including 1 entities, in source file pc_lut.sv
    Info (12023): Found entity 1: PC_LUT File: C:/Users/Rick Truong/OneDrive/Desktop/Quartus Projects/CSE 141L Project - ARA/PC_LUT.sv Line: 3
Info (12021): Found 1 design units, including 1 entities, in source file pc.sv
    Info (12023): Found entity 1: PC File: C:/Users/Rick Truong/OneDrive/Desktop/Quartus Projects/CSE 141L Project - ARA/PC.sv Line: 4
Info (12021): Found 1 design units, including 1 entities, in source file instr_rom.sv
    Info (12023): Found entity 1: instr_ROM File: C:/Users/Rick Truong/OneDrive/Desktop/Quartus Projects/CSE 141L Project - ARA/instr_ROM.sv Line: 3
Info (12021): Found 1 design units, including 1 entities, in source file dat_mem.sv
    Info (12023): Found entity 1: dat_mem File: C:/Users/Rick Truong/OneDrive/Desktop/Quartus Projects/CSE 141L Project - ARA/dat_mem.sv Line: 3
Info (12021): Found 1 design units, including 1 entities, in source file control.sv
    Info (12023): Found entity 1: Control File: C:/Users/Rick Truong/OneDrive/Desktop/Quartus Projects/CSE 141L Project - ARA/Control.sv Line: 2
Info (12021): Found 1 design units, including 1 entities, in source file alu.sv
    Info (12023): Found entity 1: alu File: C:/Users/Rick Truong/OneDrive/Desktop/Quartus Projects/CSE 141L Project - ARA/alu.sv Line: 2
Warning (10236): Verilog HDL Implicit Net warning at top_level.sv(59): created implicit net for "how_high" File: C:/Users/Rick Truong/OneDrive/Desktop/Quartus Projects/CSE 141L Project - ARA/top_level.sv Line: 59
Warning (10236): Verilog HDL Implicit Net warning at top_level.sv(85): created implicit net for "rd_addrB" File: C:/Users/Rick Truong/OneDrive/Desktop/Quartus Projects/CSE 141L Project - ARA/top_level.sv Line: 85
Warning (10236): Verilog HDL Implicit Net warning at top_level.sv(96): created implicit net for "regfile_dat" File: C:/Users/Rick Truong/OneDrive/Desktop/Quartus Projects/CSE 141L Project - ARA/top_level.sv Line: 96
Warning (10236): Verilog HDL Implicit Net warning at top_level.sv(110): created implicit net for "sc" File: C:/Users/Rick Truong/OneDrive/Desktop/Quartus Projects/CSE 141L Project - ARA/top_level.sv Line: 110
Warning (10236): Verilog HDL Implicit Net warning at top_level.sv(112): created implicit net for "sc_o" File: C:/Users/Rick Truong/OneDrive/Desktop/Quartus Projects/CSE 141L Project - ARA/top_level.sv Line: 112
Info (12127): Elaborating entity "top_level" for the top level hierarchy
Warning (10858): Verilog HDL warning at top_level.sv(22): object immed used but never assigned File: C:/Users/Rick Truong/OneDrive/Desktop/Quartus Projects/CSE 141L Project - ARA/top_level.sv Line: 22
Warning (10036): Verilog HDL or VHDL warning at top_level.sv(25): object "alu_cmd" assigned a value but never read File: C:/Users/Rick Truong/OneDrive/Desktop/Quartus Projects/CSE 141L Project - ARA/top_level.sv Line: 25
Warning (10036): Verilog HDL or VHDL warning at top_level.sv(28): object "sc_in" assigned a value but never read File: C:/Users/Rick Truong/OneDrive/Desktop/Quartus Projects/CSE 141L Project - ARA/top_level.sv Line: 28
Warning (10036): Verilog HDL or VHDL warning at top_level.sv(29): object "pariQ" assigned a value but never read File: C:/Users/Rick Truong/OneDrive/Desktop/Quartus Projects/CSE 141L Project - ARA/top_level.sv Line: 29
Warning (10036): Verilog HDL or VHDL warning at top_level.sv(30): object "zeroQ" assigned a value but never read File: C:/Users/Rick Truong/OneDrive/Desktop/Quartus Projects/CSE 141L Project - ARA/top_level.sv Line: 30
Warning (10858): Verilog HDL warning at top_level.sv(34): object zero used but never assigned File: C:/Users/Rick Truong/OneDrive/Desktop/Quartus Projects/CSE 141L Project - ARA/top_level.sv Line: 34
Warning (10858): Verilog HDL warning at top_level.sv(35): object sc_clr used but never assigned File: C:/Users/Rick Truong/OneDrive/Desktop/Quartus Projects/CSE 141L Project - ARA/top_level.sv Line: 35
Warning (10858): Verilog HDL warning at top_level.sv(36): object sc_en used but never assigned File: C:/Users/Rick Truong/OneDrive/Desktop/Quartus Projects/CSE 141L Project - ARA/top_level.sv Line: 36
Error (10052): Verilog HDL error at top_level.sv(74): can't find port "RegDst" File: C:/Users/Rick Truong/OneDrive/Desktop/Quartus Projects/CSE 141L Project - ARA/top_level.sv Line: 74
Error (12153): Can't elaborate top-level user hierarchy
Error: Quartus Prime Analysis & Synthesis was unsuccessful. 2 errors, 14 warnings
    Error: Peak virtual memory: 4786 megabytes
    Error: Processing ended: Sun Feb 19 21:27:48 2023
    Error: Elapsed time: 00:00:06
    Error: Total CPU time (on all processors): 00:00:15


